#
# A fatal error has been detected by the Java Runtime Environment:
#
#  SIGSEGV (0xb) at pc=0x00000001e73f8173, pid=12725, tid=1811
#
# JRE version: Java(TM) SE Runtime Environment (8.0_05-b13) (build 1.8.0_05-b13)
# Java VM: Java HotSpot(TM) 64-Bit Server VM (25.5-b02 mixed mode bsd-amd64 compressed oops)
# Problematic frame:
# C  [libglass.dylib+0x1b173]  GlassScreenDidChangeScreenParameters+0x53
#
# Failed to write core dump. Core dumps have been disabled. To enable core dumping, try "ulimit -c unlimited" before starting Java again
#
# If you would like to submit a bug report, please visit:
#   http://bugreport.sun.com/bugreport/crash.jsp
#

---------------  T H R E A D  ---------------

Current thread is native thread

siginfo:si_signo=SIGSEGV: si_errno=0, si_code=1 (SEGV_MAPERR), si_addr=0x0000000000000000

Registers:
RAX=0x00007fb093f2d0f8, RBX=0x0000000000000000, RCX=0x00000001e742a910, RDX=0x00007fff7786b1f8
RSP=0x00007fff5286d100, RBP=0x00007fff5286d110, RSI=0x00007fb093e04890, RDI=0x0000000000000000
R8 =0x00007fff5286cfb0, R9 =0x00007fff77aea300, R10=0x0000000000000000, R11=0x0000000000000246
R12=0x00007fb093e14020, R13=0x00000000000f4268, R14=0x00007fb093c5a1b0, R15=0x00007fff5286d250
RIP=0x00000001e73f8173, EFLAGS=0x0000000000010202, ERR=0x0000000000000004
  TRAPNO=0x000000000000000e

Top of Stack: (sp=0x00007fff5286d100)
0x00007fff5286d100:   00007fff5286d110 00007fff5286d2e0
0x00007fff5286d110:   00007fff5286d120 00007fff946b4cdc
0x00007fff5286d120:   00007fff5286d480 00007fff945a6244
0x00007fff5286d130:   00007fff5286d180 0000000000001400
0x00007fff5286d140:   00007fff77d77cf0 00007fb093c42430
0x00007fff5286d150:   0000000000001002 0000000000000270
0x00007fff5286d160:   00007fb093c42430 00007fb093c5a1b0
0x00007fff5286d170:   0000000000000000 00007fff5286d250
0x00007fff5286d180:   0000000000000000 00007fb093c5a170
0x00007fff5286d190:   00007fff5286d2d0 000000000000001a
0x00007fff5286d1a0:   00000000000f4287 00007fb093f3e090
0x00007fff5286d1b0:   00007fb093f33610 00007fb093e14020
0x00007fff5286d1c0:   0000000000000001 00000000000f4268
0x00007fff5286d1d0:   00007fb093e14010 00007fff8da93acb
0x00007fff5286d1e0:   0000000000000001 0000000000000001
0x00007fff5286d1f0:   0000000000000030 0000000000000001
0x00007fff5286d200:   00007fff5286d220 00007fff8da99231
0x00007fff5286d210:   00007fff77d75dd0 0000000000000000
0x00007fff5286d220:   00007fff5286d240 0000000000000002
0x00007fff5286d230:   0000330393e2e100 00007fb093e14044
0x00007fff5286d240:   0000000000000000 00007fff9459bd1f
0x00007fff5286d250:   00007fb093c5a1b0 00007fff77d75dd0
0x00007fff5286d260:   00007fff5286d2e0 0000000000000001
0x00007fff5286d270:   00007fff5286d2b0 00007fff8da9353e
0x00007fff5286d280:   000000010d3ada00 0000000000000004
0x00007fff5286d290:   000000010d3aa000 00007fb093f13624
0x00007fff5286d2a0:   0000000000000003 000000010d3aee00
0x00007fff5286d2b0:   00007fff5286d3a0 00007fff8da922a2
0x00007fff5286d2c0:   00007fb093f331a0 00007fff5286d488
0x00007fff5286d2d0:   0000000000000017 0000000000000000
0x00007fff5286d2e0:   00000000000f4268 00007fff9459c013
0x00007fff5286d2f0:   00007fff00000000 00007fb093f3a250 

Instructions: (pc=0x00000001e73f8173)
0x00000001e73f8153:   50 01 00 48 89 df ff 90 88 03 00 00 48 8d 0d a2
0x00000001e73f8163:   28 03 00 48 89 01 48 8d 0d a0 27 03 00 48 8b 31
0x00000001e73f8173:   48 8b 0b 48 89 df 48 89 c2 30 c0 ff 91 68 04 00
0x00000001e73f8183:   00 48 83 c4 08 5b 5d c3 0f 1f 44 00 00 55 48 89 

Register to memory mapping:

RAX=0x00007fb093f2d0f8 is an unknown value
RBX=0x0000000000000000 is an unknown value
RCX=0x00000001e742a910: jScreenClass+0 in /Library/Java/JavaVirtualMachines/jdk1.8.0_05.jdk/Contents/Home/jre/lib/libglass.dylib at 0x00000001e73dd000
RDX=0x00007fff7786b1f8: __sFX+0x1c8 in /usr/lib/system/libsystem_c.dylib at 0x00007fff92266000
RSP=0x00007fff5286d100 is an unknown value
RBP=0x00007fff5286d110 is an unknown value
RSI=0x00007fb093e04890 is a global jni handle
RDI=0x0000000000000000 is an unknown value
R8 =0x00007fff5286cfb0 is an unknown value
R9 =0x00007fff77aea300: _thread+0 in /usr/lib/system/libsystem_pthread.dylib at 0x00007fff93814000
R10=0x0000000000000000 is an unknown value
R11=0x0000000000000246 is an unknown value
R12=0x00007fb093e14020 is an unknown value
R13=0x00000000000f4268 is an unknown value
R14=0x00007fb093c5a1b0 is an unknown value
R15=0x00007fff5286d250 is an unknown value


Stack: [0x00007fff52070000,0x00007fff52870000],  sp=0x00007fff5286d100,  free space=8180k
Native frames: (J=compiled Java code, j=interpreted, Vv=VM code, C=native code)
C  [libglass.dylib+0x1b173]  GlassScreenDidChangeScreenParameters+0x53
C  [CoreFoundation+0x11ecdc]  __CFNOTIFICATIONCENTER_IS_CALLING_OUT_TO_AN_OBSERVER__+0xc
C  [CoreFoundation+0x10244]  _CFXNotificationPost+0xc44
C  [Foundation+0x2c31]  -[NSNotificationCenter postNotificationName:object:userInfo:]+0x42
C  [AppKit+0x36305e]  -[NSApplication _reactToScreenInvalidationImmediately:]+0x17b
C  [AppKit+0x362e9d]  __44-[NSApplication _reactToScreenInvalidation:]_block_invoke+0x4b
C  [CoreFoundation+0x8056c]  __CFRUNLOOP_IS_CALLING_OUT_TO_A_BLOCK__+0xc
C  [CoreFoundation+0x72675]  __CFRunLoopDoBlocks+0x155
C  [CoreFoundation+0x721b6]  __CFRunLoopRun+0x716
C  [CoreFoundation+0x71858]  CFRunLoopRunSpecific+0x128
C  [java+0x56cb]  CreateExecutionEnvironment+0x367
C  [java+0x166c]  JLI_Launch+0x7a0
C  [java+0x7689]  main+0x65
C  [java+0xec4]  start+0x34


---------------  P R O C E S S  ---------------

VM state:at safepoint (normal execution)

VM Mutex/Monitor currently owned by a thread:  ([mutex/lock_event])
[0x00007fb093e01470] Threads_lock - owner thread: 0x00007fb09501a800

Heap:
 PSYoungGen      total 2560K, used 2272K [0x0000000173180000, 0x0000000173780000, 0x000000019dc00000)
  eden space 2048K, 87% used [0x0000000173180000,0x00000001733403d0,0x0000000173380000)
  from space 512K, 93% used [0x0000000173380000,0x00000001733f8010,0x0000000173400000)
  to   space 1024K, 0% used [0x0000000173680000,0x0000000173680000,0x0000000173780000)
 ParOldGen       total 129536K, used 844K [0x000000011dc00000, 0x0000000125a80000, 0x0000000173180000)
  object space 129536K, 0% used [0x000000011dc00000,0x000000011dcd3030,0x0000000125a80000)
 Metaspace       used 5848K, capacity 6934K, committed 7168K, reserved 1056768K
  class space    used 701K, capacity 714K, committed 768K, reserved 1048576K

Card table byte_map: [0x000000019dc00000,0x000000019e001000] byte_map_base: 0x000000019d312000

Marking Bits: (ParMarkBitMap*) 0x000000010dcf40a0
 Begin Bits: [0x000000019e5b5000, 0x00000001a05b5000)
 End Bits:   [0x00000001a05b5000, 0x00000001a25b5000)

Polling page: 0x000000010e493000

CodeCache: size=245760Kb used=1625Kb max_used=1625Kb free=244135Kb
 bounds [0x000000010e4a6000, 0x000000010e716000, 0x000000011d4a6000]
 total_blobs=608 nmethods=246 adapters=278
 compilation: enabled

Compilation events (10 events):
Event: 0.527 Thread 0x00007fb09583d000  239       3       java.util.WeakHashMap::eq (19 bytes)
Event: 0.527 Thread 0x00007fb09583d000 nmethod 239 0x000000010e62c810 code [0x000000010e62c980, 0x000000010e62cc08]
Event: 0.527 Thread 0x00007fb09583d000  236       3       java.util.zip.ZipFile::getZipEntry (239 bytes)
Event: 0.529 Thread 0x00007fb09583d000 nmethod 236 0x000000010e636c90 code [0x000000010e636ee0, 0x000000010e6379f8]
Event: 0.537 Thread 0x00007fb09583d000  244       1       java.nio.Buffer::position (5 bytes)
Event: 0.538 Thread 0x00007fb09583d000 nmethod 244 0x000000010e6369d0 code [0x000000010e636b20, 0x000000010e636c30]
Event: 0.542 Thread 0x00007fb09583d000  245       1       java.nio.Buffer::limit (5 bytes)
Event: 0.542 Thread 0x00007fb09583d000 nmethod 245 0x000000010e636710 code [0x000000010e636860, 0x000000010e636970]
Event: 0.550 Thread 0x00007fb09583d000  246       3       java.nio.ByteBuffer::arrayOffset (35 bytes)
Event: 0.550 Thread 0x00007fb09583d000 nmethod 246 0x000000010e62e310 code [0x000000010e62e4a0, 0x000000010e62e798]

GC Heap History (10 events):
Event: 0.101 GC heap before
{Heap before GC invocations=1 (full 0):
 PSYoungGen      total 1024K, used 512K [0x0000000173180000, 0x0000000173300000, 0x000000019dc00000)
  eden space 512K, 100% used [0x0000000173180000,0x0000000173200000,0x0000000173200000)
  from space 512K, 0% used [0x0000000173280000,0x0000000173280000,0x0000000173300000)
  to   space 512K, 0% used [0x0000000173200000,0x0000000173200000,0x0000000173280000)
 ParOldGen       total 129536K, used 0K [0x000000011dc00000, 0x0000000125a80000, 0x0000000173180000)
  object space 129536K, 0% used [0x000000011dc00000,0x000000011dc00000,0x0000000125a80000)
 Metaspace       used 2485K, capacity 4480K, committed 4480K, reserved 1056768K
  class space    used 268K, capacity 384K, committed 384K, reserved 1048576K
Event: 0.102 GC heap after
Heap after GC invocations=1 (full 0):
 PSYoungGen      total 1024K, used 464K [0x0000000173180000, 0x0000000173380000, 0x000000019dc00000)
  eden space 512K, 0% used [0x0000000173180000,0x0000000173180000,0x0000000173200000)
  from space 512K, 90% used [0x0000000173200000,0x0000000173274010,0x0000000173280000)
  to   space 512K, 0% used [0x0000000173300000,0x0000000173300000,0x0000000173380000)
 ParOldGen       total 129536K, used 8K [0x000000011dc00000, 0x0000000125a80000, 0x0000000173180000)
  object space 129536K, 0% used [0x000000011dc00000,0x000000011dc02000,0x0000000125a80000)
 Metaspace       used 2485K, capacity 4480K, committed 4480K, reserved 1056768K
  class space    used 268K, capacity 384K, committed 384K, reserved 1048576K
}
Event: 0.137 GC heap before
{Heap before GC invocations=2 (full 0):
 PSYoungGen      total 1024K, used 976K [0x0000000173180000, 0x0000000173380000, 0x000000019dc00000)
  eden space 512K, 100% used [0x0000000173180000,0x0000000173200000,0x0000000173200000)
  from space 512K, 90% used [0x0000000173200000,0x0000000173274010,0x0000000173280000)
  to   space 512K, 0% used [0x0000000173300000,0x0000000173300000,0x0000000173380000)
 ParOldGen       total 129536K, used 8K [0x000000011dc00000, 0x0000000125a80000, 0x0000000173180000)
  object space 129536K, 0% used [0x000000011dc00000,0x000000011dc02000,0x0000000125a80000)
 Metaspace       used 2922K, capacity 4564K, committed 4864K, reserved 1056768K
  class space    used 320K, capacity 392K, committed 512K, reserved 1048576K
Event: 0.138 GC heap after
Heap after GC invocations=2 (full 0):
 PSYoungGen      total 1536K, used 496K [0x0000000173180000, 0x0000000173380000, 0x000000019dc00000)
  eden space 1024K, 0% used [0x0000000173180000,0x0000000173180000,0x0000000173280000)
  from space 512K, 96% used [0x0000000173300000,0x000000017337c010,0x0000000173380000)
  to   space 512K, 0% used [0x0000000173280000,0x0000000173280000,0x0000000173300000)
 ParOldGen       total 129536K, used 72K [0x000000011dc00000, 0x0000000125a80000, 0x0000000173180000)
  object space 129536K, 0% used [0x000000011dc00000,0x000000011dc12000,0x0000000125a80000)
 Metaspace       used 2922K, capacity 4564K, committed 4864K, reserved 1056768K
  class space    used 320K, capacity 392K, committed 512K, reserved 1048576K
}
Event: 0.177 GC heap before
{Heap before GC invocations=3 (full 0):
 PSYoungGen      total 1536K, used 1520K [0x0000000173180000, 0x0000000173380000, 0x000000019dc00000)
  eden space 1024K, 100% used [0x0000000173180000,0x0000000173280000,0x0000000173280000)
  from space 512K, 96% used [0x0000000173300000,0x000000017337c010,0x0000000173380000)
  to   space 512K, 0% used [0x0000000173280000,0x0000000173280000,0x0000000173300000)
 ParOldGen       total 129536K, used 72K [0x000000011dc00000, 0x0000000125a80000, 0x0000000173180000)
  object space 129536K, 0% used [0x000000011dc00000,0x000000011dc12000,0x0000000125a80000)
 Metaspace       used 3408K, capacity 5014K, committed 5120K, reserved 1056768K
  class space    used 378K, capacity 458K, committed 512K, reserved 1048576K
Event: 0.178 GC heap after
Heap after GC invocations=3 (full 0):
 PSYoungGen      total 1536K, used 512K [0x0000000173180000, 0x0000000173480000, 0x000000019dc00000)
  eden space 1024K, 0% used [0x0000000173180000,0x0000000173180000,0x0000000173280000)
  from space 512K, 100% used [0x0000000173280000,0x0000000173300000,0x0000000173300000)
  to   space 512K, 0% used [0x0000000173400000,0x0000000173400000,0x0000000173480000)
 ParOldGen       total 129536K, used 152K [0x000000011dc00000, 0x0000000125a80000, 0x0000000173180000)
  object space 129536K, 0% used [0x000000011dc00000,0x000000011dc26000,0x0000000125a80000)
 Metaspace       used 3408K, capacity 5014K, committed 5120K, reserved 1056768K
  class space    used 378K, capacity 458K, committed 512K, reserved 1048576K
}
Event: 0.372 GC heap before
{Heap before GC invocations=4 (full 0):
 PSYoungGen      total 1536K, used 1536K [0x0000000173180000, 0x0000000173480000, 0x000000019dc00000)
  eden space 1024K, 100% used [0x0000000173180000,0x0000000173280000,0x0000000173280000)
  from space 512K, 100% used [0x0000000173280000,0x0000000173300000,0x0000000173300000)
  to   space 512K, 0% used [0x0000000173400000,0x0000000173400000,0x0000000173480000)
 ParOldGen       total 129536K, used 152K [0x000000011dc00000, 0x0000000125a80000, 0x0000000173180000)
  object space 129536K, 0% used [0x000000011dc00000,0x000000011dc26000,0x0000000125a80000)
 Metaspace       used 4099K, capacity 5462K, committed 5760K, reserved 1056768K
  class space    used 459K, capacity 522K, committed 640K, reserved 1048576K
Event: 0.373 GC heap after
Heap after GC invocations=4 (full 0):
 PSYoungGen      total 2560K, used 496K [0x0000000173180000, 0x0000000173480000, 0x000000019dc00000)
  eden space 2048K, 0% used [0x0000000173180000,0x0000000173180000,0x0000000173380000)
  from space 512K, 96% used [0x0000000173400000,0x000000017347c010,0x0000000173480000)
  to   space 512K, 0% used [0x0000000173380000,0x0000000173380000,0x0000000173400000)
 ParOldGen       total 129536K, used 256K [0x000000011dc00000, 0x0000000125a80000, 0x0000000173180000)
  object space 129536K, 0% used [0x000000011dc00000,0x000000011dc40000,0x0000000125a80000)
 Metaspace       used 4099K, capacity 5462K, committed 5760K, reserved 1056768K
  class space    used 459K, capacity 522K, committed 640K, reserved 1048576K
}
Event: 0.457 GC heap before
{Heap before GC invocations=5 (full 0):
 PSYoungGen      total 2560K, used 2544K [0x0000000173180000, 0x0000000173480000, 0x000000019dc00000)
  eden space 2048K, 100% used [0x0000000173180000,0x0000000173380000,0x0000000173380000)
  from space 512K, 96% used [0x0000000173400000,0x000000017347c010,0x0000000173480000)
  to   space 512K, 0% used [0x0000000173380000,0x0000000173380000,0x0000000173400000)
 ParOldGen       total 129536K, used 256K [0x000000011dc00000, 0x0000000125a80000, 0x0000000173180000)
  object space 129536K, 0% used [0x000000011dc00000,0x000000011dc40000,0x0000000125a80000)
 Metaspace       used 4871K, capacity 6230K, committed 6528K, reserved 1056768K
  class space    used 519K, capacity 586K, committed 640K, reserved 1048576K
Event: 0.458 GC heap after
Heap after GC invocations=5 (full 0):
 PSYoungGen      total 2560K, used 480K [0x0000000173180000, 0x0000000173780000, 0x000000019dc00000)
  eden space 2048K, 0% used [0x0000000173180000,0x0000000173180000,0x0000000173380000)
  from space 512K, 93% used [0x0000000173380000,0x00000001733f8010,0x0000000173400000)
  to   space 1024K, 0% used [0x0000000173680000,0x0000000173680000,0x0000000173780000)
 ParOldGen       total 129536K, used 844K [0x000000011dc00000, 0x0000000125a80000, 0x0000000173180000)
  object space 129536K, 0% used [0x000000011dc00000,0x000000011dcd3030,0x0000000125a80000)
 Metaspace       used 4871K, capacity 6230K, committed 6528K, reserved 1056768K
  class space    used 519K, capacity 586K, committed 640K, reserved 1048576K
}

Deoptimization events (0 events):
No events

Internal exceptions (9 events):
Event: 0.048 Thread 0x00007fb095801000 Exception <a 'java/lang/NoSuchMethodError': Method sun.misc.Unsafe.defineClass(Ljava/lang/String;[BII)Ljava/lang/Class; name or signature does not match> (0x0000000173194a80) thrown at [/HUDSON/workspace/8-2-build-macosx-x86_64/jdk8u5/2488/hotspot/src/sha
Event: 0.048 Thread 0x00007fb095801000 Exception <a 'java/lang/NoSuchMethodError': Method sun.misc.Unsafe.prefetchRead(Ljava/lang/Object;J)V name or signature does not match> (0x0000000173194d10) thrown at [/HUDSON/workspace/8-2-build-macosx-x86_64/jdk8u5/2488/hotspot/src/share/vm/prims/jni.cp
Event: 0.111 Thread 0x00007fb095801000 Exception <a 'java/security/PrivilegedActionException'> (0x00000001731a1de8) thrown at [/HUDSON/workspace/8-2-build-macosx-x86_64/jdk8u5/2488/hotspot/src/share/vm/prims/jvm.cpp, line 1248]
Event: 0.132 Thread 0x00007fb095801000 Exception <a 'java/security/PrivilegedActionException'> (0x00000001731ee280) thrown at [/HUDSON/workspace/8-2-build-macosx-x86_64/jdk8u5/2488/hotspot/src/share/vm/prims/jvm.cpp, line 1248]
Event: 0.133 Thread 0x00007fb095801000 Exception <a 'java/security/PrivilegedActionException'> (0x00000001731ee438) thrown at [/HUDSON/workspace/8-2-build-macosx-x86_64/jdk8u5/2488/hotspot/src/share/vm/prims/jvm.cpp, line 1248]
Event: 0.134 Thread 0x00007fb095801000 Exception <a 'java/security/PrivilegedActionException'> (0x00000001731f1660) thrown at [/HUDSON/workspace/8-2-build-macosx-x86_64/jdk8u5/2488/hotspot/src/share/vm/prims/jvm.cpp, line 1248]
Event: 0.134 Thread 0x00007fb095801000 Exception <a 'java/security/PrivilegedActionException'> (0x00000001731f1818) thrown at [/HUDSON/workspace/8-2-build-macosx-x86_64/jdk8u5/2488/hotspot/src/share/vm/prims/jvm.cpp, line 1248]
Event: 0.134 Thread 0x00007fb095801000 Exception <a 'java/lang/NullPointerException'> (0x00000001731f2030) thrown at [/HUDSON/workspace/8-2-build-macosx-x86_64/jdk8u5/2488/hotspot/src/share/vm/interpreter/linkResolver.cpp, line 1169]
Event: 0.530 Thread 0x00007fb095801000 Exception <a 'java/lang/reflect/InvocationTargetException'> (0x00000001733325c0) thrown at [/HUDSON/workspace/8-2-build-macosx-x86_64/jdk8u5/2488/hotspot/src/share/vm/runtime/reflection.cpp, line 1079]

Events (10 events):
Event: 0.553 loading class java/util/Formatter$Flags done
Event: 0.553 loading class java/util/Formatter$Conversion
Event: 0.554 loading class java/util/Formatter$Conversion done
Event: 0.554 loading class java/util/Formattable
Event: 0.554 loading class java/util/Formattable done
Event: 0.554 loading class java/lang/Shutdown
Event: 0.554 loading class java/lang/Shutdown done
Event: 0.554 loading class java/lang/Shutdown$Lock
Event: 0.554 loading class java/lang/Shutdown$Lock done
Event: 0.554 Executing VM operation: Exit


Dynamic libraries:
0x00000000059db000 	/System/Library/Frameworks/Cocoa.framework/Versions/A/Cocoa
0x00000000059db000 	/System/Library/Frameworks/Security.framework/Versions/A/Security
0x00000000059db000 	/System/Library/Frameworks/ApplicationServices.framework/Versions/A/ApplicationServices
0x00000000059db000 	/usr/lib/libz.1.dylib
0x00000000059db000 	/usr/lib/libSystem.B.dylib
0x00000000059db000 	/usr/lib/libobjc.A.dylib
0x00000000059db000 	/System/Library/Frameworks/CoreFoundation.framework/Versions/A/CoreFoundation
0x00000000059db000 	/System/Library/Frameworks/Foundation.framework/Versions/C/Foundation
0x00000000059db000 	/System/Library/Frameworks/AppKit.framework/Versions/C/AppKit
0x00000000059db000 	/System/Library/Frameworks/CoreData.framework/Versions/A/CoreData
0x00000000059db000 	/System/Library/PrivateFrameworks/RemoteViewServices.framework/Versions/A/RemoteViewServices
0x00000000059db000 	/System/Library/PrivateFrameworks/UIFoundation.framework/Versions/A/UIFoundation
0x00000000059db000 	/System/Library/Frameworks/IOSurface.framework/Versions/A/IOSurface
0x00000000059db000 	/System/Library/Frameworks/AudioToolbox.framework/Versions/A/AudioToolbox
0x00000000059db000 	/System/Library/Frameworks/AudioUnit.framework/Versions/A/AudioUnit
0x00000000059db000 	/System/Library/PrivateFrameworks/DataDetectorsCore.framework/Versions/A/DataDetectorsCore
0x00000000059db000 	/System/Library/PrivateFrameworks/DesktopServicesPriv.framework/Versions/A/DesktopServicesPriv
0x00000000059db000 	/System/Library/Frameworks/Carbon.framework/Versions/A/Frameworks/HIToolbox.framework/Versions/A/HIToolbox
0x00000000059db000 	/System/Library/Frameworks/QuartzCore.framework/Versions/A/QuartzCore
0x00000000059db000 	/System/Library/Frameworks/Carbon.framework/Versions/A/Frameworks/SpeechRecognition.framework/Versions/A/SpeechRecognition
0x00000000059db000 	/usr/lib/libauto.dylib
0x00000000059db000 	/usr/lib/libicucore.A.dylib
0x00000000059db000 	/usr/lib/libxml2.2.dylib
0x00000000059db000 	/System/Library/PrivateFrameworks/CoreUI.framework/Versions/A/CoreUI
0x00000000059db000 	/System/Library/Frameworks/CoreAudio.framework/Versions/A/CoreAudio
0x00000000059db000 	/System/Library/Frameworks/DiskArbitration.framework/Versions/A/DiskArbitration
0x00000000059db000 	/usr/lib/liblangid.dylib
0x00000000059db000 	/System/Library/PrivateFrameworks/MultitouchSupport.framework/Versions/A/MultitouchSupport
0x00000000059db000 	/System/Library/Frameworks/IOKit.framework/Versions/A/IOKit
0x00000000059db000 	/usr/lib/libDiagnosticMessagesClient.dylib
0x00000000059db000 	/System/Library/Frameworks/CoreServices.framework/Versions/A/CoreServices
0x00000000059db000 	/System/Library/PrivateFrameworks/PerformanceAnalysis.framework/Versions/A/PerformanceAnalysis
0x00000000059db000 	/System/Library/PrivateFrameworks/GenerationalStorage.framework/Versions/A/GenerationalStorage
0x00000000059db000 	/System/Library/Frameworks/OpenGL.framework/Versions/A/OpenGL
0x00000000059db000 	/System/Library/PrivateFrameworks/Sharing.framework/Versions/A/Sharing
0x00000000059db000 	/System/Library/Frameworks/CoreGraphics.framework/Versions/A/CoreGraphics
0x00000000059db000 	/System/Library/Frameworks/CoreText.framework/Versions/A/CoreText
0x00000000059db000 	/System/Library/Frameworks/ImageIO.framework/Versions/A/ImageIO
0x00000000059db000 	/usr/lib/libextension.dylib
0x00000000059db000 	/System/Library/PrivateFrameworks/Backup.framework/Versions/A/Backup
0x00000000059db000 	/usr/lib/libarchive.2.dylib
0x00000000059db000 	/System/Library/Frameworks/CFNetwork.framework/Versions/A/CFNetwork
0x00000000059db000 	/System/Library/Frameworks/SystemConfiguration.framework/Versions/A/SystemConfiguration
0x00000000059db000 	/usr/lib/libCRFSuite.dylib
0x00000000059db000 	/usr/lib/libc++.1.dylib
0x00000000059db000 	/usr/lib/libc++abi.dylib
0x00000000059db000 	/usr/lib/system/libcache.dylib
0x00000000059db000 	/usr/lib/system/libcommonCrypto.dylib
0x00000000059db000 	/usr/lib/system/libcompiler_rt.dylib
0x00000000059db000 	/usr/lib/system/libcopyfile.dylib
0x00000000059db000 	/usr/lib/system/libcorecrypto.dylib
0x00000000059db000 	/usr/lib/system/libdispatch.dylib
0x00000000059db000 	/usr/lib/system/libdyld.dylib
0x00000000059db000 	/usr/lib/system/libkeymgr.dylib
0x00000000059db000 	/usr/lib/system/liblaunch.dylib
0x00000000059db000 	/usr/lib/system/libmacho.dylib
0x00000000059db000 	/usr/lib/system/libquarantine.dylib
0x00000000059db000 	/usr/lib/system/libremovefile.dylib
0x00000000059db000 	/usr/lib/system/libsystem_asl.dylib
0x00000000059db000 	/usr/lib/system/libsystem_blocks.dylib
0x00000000059db000 	/usr/lib/system/libsystem_c.dylib
0x00000000059db000 	/usr/lib/system/libsystem_configuration.dylib
0x00000000059db000 	/usr/lib/system/libsystem_coreservices.dylib
0x00000000059db000 	/usr/lib/system/libsystem_coretls.dylib
0x00000000059db000 	/usr/lib/system/libsystem_dnssd.dylib
0x00000000059db000 	/usr/lib/system/libsystem_info.dylib
0x00000000059db000 	/usr/lib/system/libsystem_kernel.dylib
0x00000000059db000 	/usr/lib/system/libsystem_m.dylib
0x00000000059db000 	/usr/lib/system/libsystem_malloc.dylib
0x00000000059db000 	/usr/lib/system/libsystem_network.dylib
0x00000000059db000 	/usr/lib/system/libsystem_networkextension.dylib
0x00000000059db000 	/usr/lib/system/libsystem_notify.dylib
0x00000000059db000 	/usr/lib/system/libsystem_platform.dylib
0x00000000059db000 	/usr/lib/system/libsystem_pthread.dylib
0x00000000059db000 	/usr/lib/system/libsystem_sandbox.dylib
0x00000000059db000 	/usr/lib/system/libsystem_secinit.dylib
0x00000000059db000 	/usr/lib/system/libsystem_stats.dylib
0x00000000059db000 	/usr/lib/system/libsystem_trace.dylib
0x00000000059db000 	/usr/lib/system/libunc.dylib
0x00000000059db000 	/usr/lib/system/libunwind.dylib
0x00000000059db000 	/usr/lib/system/libxpc.dylib
0x00000000059db000 	/usr/lib/libbz2.1.0.dylib
0x00000000059db000 	/usr/lib/liblzma.5.dylib
0x00000000059db000 	/usr/lib/libbsm.0.dylib
0x00000000059db000 	/usr/lib/libsqlite3.dylib
0x00000000059db000 	/usr/lib/system/libkxld.dylib
0x00000000059db000 	/usr/lib/libxar.1.dylib
0x00000000059db000 	/usr/lib/libpam.2.dylib
0x00000000059db000 	/usr/lib/libOpenScriptingUtil.dylib
0x00000000059db000 	/System/Library/Frameworks/CoreServices.framework/Versions/A/Frameworks/FSEvents.framework/Versions/A/FSEvents
0x00000000059db000 	/System/Library/Frameworks/CoreServices.framework/Versions/A/Frameworks/CarbonCore.framework/Versions/A/CarbonCore
0x00000000059db000 	/System/Library/Frameworks/CoreServices.framework/Versions/A/Frameworks/Metadata.framework/Versions/A/Metadata
0x00000000059db000 	/System/Library/Frameworks/CoreServices.framework/Versions/A/Frameworks/OSServices.framework/Versions/A/OSServices
0x00000000059db000 	/System/Library/Frameworks/CoreServices.framework/Versions/A/Frameworks/SearchKit.framework/Versions/A/SearchKit
0x00000000059db000 	/System/Library/Frameworks/CoreServices.framework/Versions/A/Frameworks/AE.framework/Versions/A/AE
0x00000000059db000 	/System/Library/Frameworks/CoreServices.framework/Versions/A/Frameworks/LaunchServices.framework/Versions/A/LaunchServices
0x00000000059db000 	/System/Library/Frameworks/CoreServices.framework/Versions/A/Frameworks/DictionaryServices.framework/Versions/A/DictionaryServices
0x00000000059db000 	/System/Library/Frameworks/NetFS.framework/Versions/A/NetFS
0x00000000059db000 	/System/Library/PrivateFrameworks/NetAuth.framework/Versions/A/NetAuth
0x00000000059db000 	/System/Library/PrivateFrameworks/login.framework/Versions/A/Frameworks/loginsupport.framework/Versions/A/loginsupport
0x00000000059db000 	/System/Library/PrivateFrameworks/TCC.framework/Versions/A/TCC
0x00000000059db000 	/usr/lib/libmecabra.dylib
0x00000000059db000 	/System/Library/Frameworks/ApplicationServices.framework/Versions/A/Frameworks/ATS.framework/Versions/A/ATS
0x00000000059db000 	/System/Library/Frameworks/ApplicationServices.framework/Versions/A/Frameworks/ColorSync.framework/Versions/A/ColorSync
0x00000000059db000 	/System/Library/Frameworks/ApplicationServices.framework/Versions/A/Frameworks/HIServices.framework/Versions/A/HIServices
0x00000000059db000 	/System/Library/Frameworks/ApplicationServices.framework/Versions/A/Frameworks/LangAnalysis.framework/Versions/A/LangAnalysis
0x00000000059db000 	/System/Library/Frameworks/ApplicationServices.framework/Versions/A/Frameworks/PrintCore.framework/Versions/A/PrintCore
0x00000000059db000 	/System/Library/Frameworks/ApplicationServices.framework/Versions/A/Frameworks/QD.framework/Versions/A/QD
0x00000000059db000 	/System/Library/Frameworks/ApplicationServices.framework/Versions/A/Frameworks/SpeechSynthesis.framework/Versions/A/SpeechSynthesis
0x00000000059db000 	/System/Library/Frameworks/Accelerate.framework/Versions/A/Accelerate
0x00000000059db000 	/System/Library/Frameworks/Accelerate.framework/Versions/A/Frameworks/vImage.framework/Versions/A/vImage
0x00000000059db000 	/System/Library/Frameworks/Accelerate.framework/Versions/A/Frameworks/vecLib.framework/Versions/A/vecLib
0x00000000059db000 	/System/Library/Frameworks/Accelerate.framework/Versions/A/Frameworks/vecLib.framework/Versions/A/libvDSP.dylib
0x00000000059db000 	/System/Library/Frameworks/Accelerate.framework/Versions/A/Frameworks/vecLib.framework/Versions/A/libvMisc.dylib
0x00000000059db000 	/System/Library/Frameworks/Accelerate.framework/Versions/A/Frameworks/vecLib.framework/Versions/A/libLAPACK.dylib
0x00000000059db000 	/System/Library/Frameworks/Accelerate.framework/Versions/A/Frameworks/vecLib.framework/Versions/A/libBLAS.dylib
0x00000000059db000 	/System/Library/Frameworks/Accelerate.framework/Versions/A/Frameworks/vecLib.framework/Versions/A/libLinearAlgebra.dylib
0x00000000059db000 	/System/Library/Frameworks/ApplicationServices.framework/Versions/A/Frameworks/ATS.framework/Versions/A/Resources/libFontParser.dylib
0x00000000059db000 	/System/Library/Frameworks/ApplicationServices.framework/Versions/A/Frameworks/ATS.framework/Versions/A/Resources/libFontRegistry.dylib
0x00000000059db000 	/System/Library/PrivateFrameworks/AppleVPA.framework/Versions/A/AppleVPA
0x00000000059db000 	/System/Library/PrivateFrameworks/AppleJPEG.framework/Versions/A/AppleJPEG
0x00000000059db000 	/System/Library/Frameworks/ImageIO.framework/Versions/A/Resources/libJPEG.dylib
0x00000000059db000 	/System/Library/Frameworks/ImageIO.framework/Versions/A/Resources/libTIFF.dylib
0x00000000059db000 	/System/Library/Frameworks/ImageIO.framework/Versions/A/Resources/libPng.dylib
0x00000000059db000 	/System/Library/Frameworks/ImageIO.framework/Versions/A/Resources/libGIF.dylib
0x00000000059db000 	/System/Library/Frameworks/ImageIO.framework/Versions/A/Resources/libJP2.dylib
0x00000000059db000 	/System/Library/Frameworks/ImageIO.framework/Versions/A/Resources/libRadiance.dylib
0x00000000059db000 	/System/Library/Frameworks/CoreVideo.framework/Versions/A/CoreVideo
0x00000000059db000 	/System/Library/Frameworks/OpenGL.framework/Versions/A/Libraries/libGLU.dylib
0x00000000059db000 	/System/Library/Frameworks/OpenGL.framework/Versions/A/Libraries/libGFXShared.dylib
0x00000000059db000 	/System/Library/Frameworks/OpenGL.framework/Versions/A/Libraries/libGL.dylib
0x00000000059db000 	/System/Library/Frameworks/OpenGL.framework/Versions/A/Libraries/libGLImage.dylib
0x00000000059db000 	/System/Library/Frameworks/OpenGL.framework/Versions/A/Libraries/libCVMSPluginSupport.dylib
0x00000000059db000 	/System/Library/Frameworks/OpenGL.framework/Versions/A/Libraries/libCoreVMClient.dylib
0x00000000059db000 	/usr/lib/libcups.2.dylib
0x00000000059db000 	/System/Library/Frameworks/Kerberos.framework/Versions/A/Kerberos
0x00000000059db000 	/System/Library/Frameworks/GSS.framework/Versions/A/GSS
0x00000000059db000 	/usr/lib/libresolv.9.dylib
0x00000000059db000 	/usr/lib/libiconv.2.dylib
0x00000000059db000 	/System/Library/PrivateFrameworks/Heimdal.framework/Versions/A/Heimdal
0x00000000059db000 	/usr/lib/libheimdal-asn1.dylib
0x00000000059db000 	/System/Library/Frameworks/OpenDirectory.framework/Versions/A/OpenDirectory
0x00000000059db000 	/System/Library/PrivateFrameworks/CommonAuth.framework/Versions/A/CommonAuth
0x00000000059db000 	/System/Library/Frameworks/OpenDirectory.framework/Versions/A/Frameworks/CFOpenDirectory.framework/Versions/A/CFOpenDirectory
0x00000000059db000 	/System/Library/Frameworks/SecurityFoundation.framework/Versions/A/SecurityFoundation
0x00000000059db000 	/System/Library/PrivateFrameworks/LanguageModeling.framework/Versions/A/LanguageModeling
0x00000000059db000 	/usr/lib/libcmph.dylib
0x00000000059db000 	/System/Library/Frameworks/ServiceManagement.framework/Versions/A/ServiceManagement
0x00000000059db000 	/usr/lib/libxslt.1.dylib
0x00000000059db000 	/System/Library/Frameworks/Carbon.framework/Versions/A/Frameworks/Ink.framework/Versions/A/Ink
0x00000000059db000 	/System/Library/Frameworks/QuartzCore.framework/Versions/A/Frameworks/CoreImage.framework/Versions/A/CoreImage
0x00000000059db000 	/System/Library/PrivateFrameworks/CrashReporterSupport.framework/Versions/A/CrashReporterSupport
0x00000000059db000 	/System/Library/Frameworks/OpenCL.framework/Versions/A/OpenCL
0x00000000059db000 	/System/Library/PrivateFrameworks/FaceCore.framework/Versions/A/FaceCore
0x00000000059db000 	/System/Library/PrivateFrameworks/Ubiquity.framework/Versions/A/Ubiquity
0x00000000059db000 	/System/Library/PrivateFrameworks/IconServices.framework/Versions/A/IconServices
0x00000000059db000 	/System/Library/PrivateFrameworks/ChunkingLibrary.framework/Versions/A/ChunkingLibrary
0x00000000059db000 	/System/Library/PrivateFrameworks/Apple80211.framework/Versions/A/Apple80211
0x00000000059db000 	/System/Library/Frameworks/CoreWLAN.framework/Versions/A/CoreWLAN
0x00000000059db000 	/System/Library/Frameworks/IOBluetooth.framework/Versions/A/IOBluetooth
0x00000000059db000 	/System/Library/PrivateFrameworks/CoreWiFi.framework/Versions/A/CoreWiFi
0x00000000059db000 	/System/Library/Frameworks/CoreBluetooth.framework/Versions/A/CoreBluetooth
0x00000000059db000 	/System/Library/PrivateFrameworks/DebugSymbols.framework/Versions/A/DebugSymbols
0x00000000059db000 	/System/Library/PrivateFrameworks/CoreSymbolication.framework/Versions/A/CoreSymbolication
0x00000000059db000 	/System/Library/PrivateFrameworks/Symbolication.framework/Versions/A/Symbolication
0x00000000059db000 	/System/Library/PrivateFrameworks/SpeechRecognitionCore.framework/Versions/A/SpeechRecognitionCore
0x000000010d48e000 	/Library/Java/JavaVirtualMachines/jdk1.8.0_05.jdk/Contents/Home/jre/lib/server/libjvm.dylib
0x00000000059db000 	/usr/lib/libstdc++.6.dylib
0x000000010e451000 	/Library/Java/JavaVirtualMachines/jdk1.8.0_05.jdk/Contents/Home/jre/lib/libverify.dylib
0x000000010e45f000 	/Library/Java/JavaVirtualMachines/jdk1.8.0_05.jdk/Contents/Home/jre/lib/libjava.dylib
0x000000010e49d000 	/Library/Java/JavaVirtualMachines/jdk1.8.0_05.jdk/Contents/Home/jre/lib/libzip.dylib
0x00000001e4f4a000 	/System/Library/Frameworks/JavaVM.framework/Frameworks/JavaRuntimeSupport.framework/JavaRuntimeSupport
0x00000001e4f60000 	/System/Library/Frameworks/JavaVM.framework/Versions/A/Frameworks/JavaNativeFoundation.framework/Versions/A/JavaNativeFoundation
0x000000011d9f1000 	/System/Library/Frameworks/JavaVM.framework/Versions/A/JavaVM
0x00000000059db000 	/System/Library/Frameworks/Carbon.framework/Versions/A/Carbon
0x00000001e4f74000 	/System/Library/PrivateFrameworks/JavaLaunching.framework/Versions/A/JavaLaunching
0x00000000059db000 	/System/Library/Frameworks/Carbon.framework/Versions/A/Frameworks/CommonPanels.framework/Versions/A/CommonPanels
0x00000000059db000 	/System/Library/Frameworks/Carbon.framework/Versions/A/Frameworks/Help.framework/Versions/A/Help
0x00000000059db000 	/System/Library/Frameworks/Carbon.framework/Versions/A/Frameworks/ImageCapture.framework/Versions/A/ImageCapture
0x00000000059db000 	/System/Library/Frameworks/Carbon.framework/Versions/A/Frameworks/OpenScripting.framework/Versions/A/OpenScripting
0x00000000059db000 	/System/Library/Frameworks/Carbon.framework/Versions/A/Frameworks/Print.framework/Versions/A/Print
0x00000000059db000 	/System/Library/Frameworks/Carbon.framework/Versions/A/Frameworks/SecurityHI.framework/Versions/A/SecurityHI
0x00000001e6f36000 	/Library/Java/JavaVirtualMachines/jdk1.8.0_05.jdk/Contents/Home/jre/lib/libprism_es2.dylib
0x00000000059db000 	/System/Library/Frameworks/OpenGL.framework/Versions/A/Resources/GLEngine.bundle/GLEngine
0x00000000059db000 	/System/Library/Frameworks/OpenGL.framework/Versions/A/Libraries/libGLProgrammability.dylib
0x0000000000000000 	/System/Library/Extensions/AppleIntelHD5000GraphicsGLDriver.bundle/Contents/MacOS/AppleIntelHD5000GraphicsGLDriver
0x00000000059db000 	/System/Library/PrivateFrameworks/IOAccelerator.framework/Versions/A/IOAccelerator
0x00000000059db000 	/System/Library/PrivateFrameworks/GPUSupport.framework/Versions/A/Libraries/libGPUSupportMercury.dylib
0x00000000059db000 	/System/Library/Frameworks/OpenGL.framework/Versions/A/Resources/GLRendererFloat.bundle/GLRendererFloat
0x00000000059db000 	/System/Library/Frameworks/OpenCL.framework/Versions/A/Libraries/libcldcpuengine.dylib
0x00000000059db000 	/System/Library/PrivateFrameworks/DiskImages.framework/Versions/A/DiskImages
0x00000000059db000 	/System/Library/Frameworks/DiscRecording.framework/Versions/A/DiscRecording
0x00000000059db000 	/usr/lib/libcsfde.dylib
0x00000000059db000 	/usr/lib/libcurl.4.dylib
0x00000000059db000 	/System/Library/PrivateFrameworks/MediaKit.framework/Versions/A/MediaKit
0x00000000059db000 	/System/Library/PrivateFrameworks/ProtectedCloudStorage.framework/Versions/A/ProtectedCloudStorage
0x00000000059db000 	/usr/lib/libCoreStorage.dylib
0x00000000059db000 	/System/Library/PrivateFrameworks/EFILogin.framework/Versions/A/EFILogin
0x00000000059db000 	/usr/lib/libutil.dylib
0x00000000059db000 	/System/Library/PrivateFrameworks/FindMyDevice.framework/Versions/A/FindMyDevice
0x00000000059db000 	/System/Library/Frameworks/LDAP.framework/Versions/A/LDAP
0x00000000059db000 	/usr/lib/libsasl2.2.dylib
0x00000000059db000 	/System/Library/PrivateFrameworks/CoreDaemon.framework/Versions/B/CoreDaemon
0x00000000059db000 	/usr/lib/libcrypto.0.9.8.dylib
0x00000000059db000 	/System/Library/PrivateFrameworks/AppleSRP.framework/Versions/A/AppleSRP
0x00000000059db000 	/System/Library/PrivateFrameworks/TrustEvaluationAgent.framework/Versions/A/TrustEvaluationAgent
0x00000001e73dd000 	/Library/Java/JavaVirtualMachines/jdk1.8.0_05.jdk/Contents/Home/jre/lib/libglass.dylib
0x00000000059db000 	/System/Library/PrivateFrameworks/CoreServicesInternal.framework/Versions/A/CoreServicesInternal
0x00000000059db000 	/System/Library/PrivateFrameworks/CloudDocs.framework/Versions/A/CloudDocs
0x00000000059db000 	/System/Library/PrivateFrameworks/CoreDuet.framework/Versions/A/CoreDuet
0x00000000059db000 	/System/Library/Frameworks/CloudKit.framework/Versions/A/CloudKit
0x00000000059db000 	/System/Library/PrivateFrameworks/ProtocolBuffer.framework/Versions/A/ProtocolBuffer
0x00000000059db000 	/System/Library/PrivateFrameworks/CoreDuetDaemonProtocol.framework/Versions/A/CoreDuetDaemonProtocol
0x00000000059db000 	/System/Library/PrivateFrameworks/CoreDuetDebugLogging.framework/Versions/A/CoreDuetDebugLogging
0x00000000059db000 	/System/Library/Frameworks/CoreLocation.framework/Versions/A/CoreLocation
0x00000000059db000 	/System/Library/Frameworks/Accounts.framework/Versions/A/Accounts
0x00000000059db000 	/System/Library/PrivateFrameworks/ApplePushService.framework/Versions/A/ApplePushService
0x00000000059db000 	/System/Library/PrivateFrameworks/GeoServices.framework/Versions/A/GeoServices
0x00000000059db000 	/System/Library/PrivateFrameworks/OAuth.framework/Versions/A/OAuth
0x00000000059db000 	/System/Library/Frameworks/CoreGraphics.framework/Versions/A/Resources/libCGCMS.A.dylib
0x00000000059db000 	/System/Library/CoreServices/RawCamera.bundle/Contents/MacOS/RawCamera
0x00000000059db000 	/System/Library/Frameworks/CoreGraphics.framework/Versions/A/Resources/libRIP.A.dylib
0x00000000059db000 	/System/Library/PrivateFrameworks/FamilyControls.framework/Versions/A/FamilyControls
0x00000000059db000 	/System/Library/PrivateFrameworks/CommerceKit.framework/Versions/A/Frameworks/CommerceCore.framework/Versions/A/CommerceCore
0x00000000059db000 	/System/Library/PrivateFrameworks/SystemAdministration.framework/Versions/A/SystemAdministration
0x00000000059db000 	/System/Library/PrivateFrameworks/AppContainer.framework/Versions/A/AppContainer
0x00000000059db000 	/System/Library/PrivateFrameworks/SecCodeWrapper.framework/Versions/A/SecCodeWrapper
0x00000000059db000 	/System/Library/Frameworks/DirectoryService.framework/Versions/A/DirectoryService
0x00000000059db000 	/System/Library/PrivateFrameworks/LoginUIKit.framework/Versions/A/Frameworks/LoginUICore.framework/Versions/A/LoginUICore
0x00000000059db000 	/usr/lib/libodfde.dylib

VM Arguments:
jvm_args: -Dfile.encoding=UTF-8 
java_command: MainApp
java_class_path (initial): /Users/dtrance/Desktop/Java/IntroPractice/PokerTable/bin
Launcher Type: SUN_STANDARD

Environment Variables:
PATH=/usr/bin:/bin:/usr/sbin:/sbin
SHELL=/bin/bash

Signal Handlers:
SIGSEGV: [libjvm.dylib+0x55f7df], sa_mask[0]=0xfffefeff, sa_flags=0x00000043
SIGBUS: [libjvm.dylib+0x55f7df], sa_mask[0]=0xfffefeff, sa_flags=0x00000042
SIGFPE: [libjvm.dylib+0x442cfa], sa_mask[0]=0xfffefeff, sa_flags=0x00000042
SIGPIPE: [libjvm.dylib+0x442cfa], sa_mask[0]=0xfffefeff, sa_flags=0x00000042
SIGXFSZ: [libjvm.dylib+0x442cfa], sa_mask[0]=0xfffefeff, sa_flags=0x00000042
SIGILL: [libjvm.dylib+0x442cfa], sa_mask[0]=0xfffefeff, sa_flags=0x00000042
SIGUSR1: SIG_DFL, sa_mask[0]=0x00000000, sa_flags=0x00000000
SIGUSR2: [libjvm.dylib+0x442818], sa_mask[0]=0x00000004, sa_flags=0x00000042
SIGHUP: [libjvm.dylib+0x440ba5], sa_mask[0]=0xfffefeff, sa_flags=0x00000042
SIGINT: [libjvm.dylib+0x440ba5], sa_mask[0]=0xfffefeff, sa_flags=0x00000042
SIGTERM: [libjvm.dylib+0x440ba5], sa_mask[0]=0xfffefeff, sa_flags=0x00000042
SIGQUIT: [libjvm.dylib+0x440ba5], sa_mask[0]=0xfffefeff, sa_flags=0x00000042


---------------  S Y S T E M  ---------------

OS:Bsduname:Darwin 14.1.0 Darwin Kernel Version 14.1.0: Thu Feb 26 19:26:47 PST 2015; root:xnu-2782.10.73~1/RELEASE_X86_64 x86_64
rlimit: STACK 8192k, CORE 0k, NPROC 709, NOFILE 10240, AS infinity
load average:9.41 4.16 2.58

CPU:total 4 (2 cores per cpu, 2 threads per core) family 6 model 69 stepping 1, cmov, cx8, fxsr, mmx, sse, sse2, sse3, ssse3, sse4.1, sse4.2, popcnt, avx, avx2, aes, clmul, erms, ht, tsc, tscinvbit

Memory: 4k page, physical 8388608k(1830048k free)

/proc/meminfo:


vm_info: Java HotSpot(TM) 64-Bit Server VM (25.5-b02) for bsd-amd64 JRE (1.8.0_05-b13), built on Mar 18 2014 00:36:13 by "java_re" with gcc 4.2.1 (Based on Apple Inc. build 5658) (LLVM build 2336.11.00)

time: Thu Mar 19 10:03:03 2015
elapsed time: 0 seconds

